<?xml version="1.0" encoding="UTF-8"?>
<!-- Generated by org.testng.reporters.JUnitReportReporter -->
<testsuite name="com.test.profinch.CashWithDrawal" tests="1" time="241.258" ignored="0" failures="0" timestamp="22 May 2020 14:41:24 GMT" skipped="0" hostname="PRO-5CG9503101" errors="0">
  <testcase name="CashWithDrawalCreation" time="241.258" classname="com.test.profinch.CashWithDrawal"/>
</testsuite> <!-- com.test.profinch.CashWithDrawal -->
