<?xml version="1.0" encoding="UTF-8"?>
<!-- Generated by org.testng.reporters.JUnitReportReporter -->
<testsuite name="com.test.profinch.CashDeposit" tests="1" time="94.472" ignored="0" failures="0" timestamp="24 May 2020 13:29:42 GMT" skipped="0" hostname="PRO-5CG9503101" errors="0">
  <testcase name="CashDepositCreation" time="94.472" classname="com.test.profinch.CashDeposit"/>
</testsuite> <!-- com.test.profinch.CashDeposit -->
